SF:lib/bmi_calculator.dart
DA:11,1
DA:19,1
DA:20,5
DA:23,1
DA:24,1
DA:26,4
DA:28,1
DA:30,1
DA:32,1
DA:34,1
DA:36,0
DA:38,0
DA:40,0
DA:48,4
DA:49,3
DA:50,1
DA:53,2
DA:55,2
DA:57,2
DA:59,2
DA:61,2
DA:63,2
LF:22
LH:19
end_of_record
SF:lib/data/boys_data.dart
DA:1,3
DA:2,1
DA:11,1
DA:20,1
DA:29,1
DA:38,1
DA:47,1
DA:56,1
DA:65,1
DA:74,1
DA:83,1
DA:92,1
DA:101,1
DA:110,1
DA:119,1
DA:128,1
DA:137,1
DA:146,1
DA:155,1
DA:164,1
DA:173,1
DA:182,1
DA:191,1
DA:200,1
DA:209,1
DA:218,1
DA:227,1
DA:236,1
DA:245,1
DA:254,1
DA:263,1
DA:272,1
DA:281,1
DA:290,1
DA:299,1
DA:308,1
DA:317,1
DA:326,1
DA:335,1
DA:344,1
DA:353,1
DA:362,1
DA:371,1
DA:380,1
DA:389,1
DA:398,1
DA:407,1
DA:416,1
DA:425,1
DA:434,1
DA:443,1
DA:452,1
DA:461,1
DA:470,1
DA:479,1
DA:488,1
DA:497,1
DA:506,1
DA:515,1
DA:524,1
DA:533,1
DA:542,1
DA:551,1
DA:560,1
DA:569,1
DA:578,1
DA:587,1
DA:596,1
DA:605,1
DA:614,1
DA:623,1
DA:632,1
DA:641,1
DA:650,1
DA:659,1
DA:668,1
DA:677,1
DA:686,1
DA:695,1
DA:704,1
DA:713,1
DA:722,1
DA:731,1
DA:740,1
DA:749,1
DA:758,1
DA:767,1
DA:776,1
DA:785,1
DA:794,1
DA:803,1
DA:812,1
DA:821,1
DA:830,1
DA:839,1
DA:848,1
DA:857,1
DA:866,1
DA:875,1
DA:884,1
DA:893,1
DA:902,1
DA:911,1
DA:920,1
DA:929,1
DA:938,1
DA:947,1
DA:956,1
DA:965,1
DA:974,1
DA:983,1
DA:992,1
DA:1001,1
DA:1010,1
DA:1019,1
DA:1028,1
DA:1037,1
DA:1046,1
DA:1055,1
DA:1064,1
DA:1073,1
DA:1082,1
DA:1091,1
DA:1100,1
DA:1109,1
DA:1118,1
DA:1127,1
DA:1136,1
DA:1145,1
DA:1154,1
DA:1163,1
DA:1172,1
DA:1181,1
DA:1190,1
DA:1199,1
DA:1208,1
DA:1217,1
DA:1226,1
DA:1235,1
DA:1244,1
DA:1253,1
DA:1262,1
DA:1271,1
DA:1280,1
DA:1289,1
DA:1298,1
DA:1307,1
DA:1316,1
DA:1325,1
DA:1334,1
DA:1343,1
DA:1352,1
DA:1361,1
DA:1370,1
DA:1379,1
DA:1388,1
DA:1397,1
DA:1406,1
DA:1415,1
DA:1424,1
DA:1433,1
DA:1442,1
DA:1451,1
DA:1460,1
DA:1469,1
DA:1478,1
DA:1487,1
DA:1496,1
DA:1505,1
LF:169
LH:169
end_of_record
SF:lib/data/girls_data.dart
DA:1,3
DA:2,1
DA:11,1
DA:20,1
DA:29,1
DA:38,1
DA:47,1
DA:56,1
DA:65,1
DA:74,1
DA:83,1
DA:92,1
DA:101,1
DA:110,1
DA:119,1
DA:128,1
DA:137,1
DA:146,1
DA:155,1
DA:164,1
DA:173,1
DA:182,1
DA:191,1
DA:200,1
DA:209,1
DA:218,1
DA:227,1
DA:236,1
DA:245,1
DA:254,1
DA:263,1
DA:272,1
DA:281,1
DA:290,1
DA:299,1
DA:308,1
DA:317,1
DA:326,1
DA:335,1
DA:344,1
DA:353,1
DA:362,1
DA:371,1
DA:380,1
DA:389,1
DA:398,1
DA:407,1
DA:416,1
DA:425,1
DA:434,1
DA:443,1
DA:452,1
DA:461,1
DA:470,1
DA:479,1
DA:488,1
DA:497,1
DA:506,1
DA:515,1
DA:524,1
DA:533,1
DA:542,1
DA:551,1
DA:560,1
DA:569,1
DA:578,1
DA:587,1
DA:596,1
DA:605,1
DA:614,1
DA:623,1
DA:632,1
DA:641,1
DA:650,1
DA:659,1
DA:668,1
DA:677,1
DA:686,1
DA:695,1
DA:704,1
DA:713,1
DA:722,1
DA:731,1
DA:740,1
DA:749,1
DA:758,1
DA:767,1
DA:776,1
DA:785,1
DA:794,1
DA:803,1
DA:812,1
DA:821,1
DA:830,1
DA:839,1
DA:848,1
DA:857,1
DA:866,1
DA:875,1
DA:884,1
DA:893,1
DA:902,1
DA:911,1
DA:920,1
DA:929,1
DA:938,1
DA:947,1
DA:956,1
DA:965,1
DA:974,1
DA:983,1
DA:992,1
DA:1001,1
DA:1010,1
DA:1019,1
DA:1028,1
DA:1037,1
DA:1046,1
DA:1055,1
DA:1064,1
DA:1073,1
DA:1082,1
DA:1091,1
DA:1100,1
DA:1109,1
DA:1118,1
DA:1127,1
DA:1136,1
DA:1145,1
DA:1154,1
DA:1163,1
DA:1172,1
DA:1181,1
DA:1190,1
DA:1199,1
DA:1208,1
DA:1217,1
DA:1226,1
DA:1235,1
DA:1244,1
DA:1253,1
DA:1262,1
DA:1271,1
DA:1280,1
DA:1289,1
DA:1298,1
DA:1307,1
DA:1316,1
DA:1325,1
DA:1334,1
DA:1343,1
DA:1352,1
DA:1361,1
DA:1370,1
DA:1379,1
DA:1388,1
DA:1397,1
DA:1406,1
DA:1415,1
DA:1424,1
DA:1433,1
DA:1442,1
DA:1451,1
DA:1460,1
DA:1469,1
DA:1478,1
DA:1487,1
DA:1496,1
DA:1505,1
LF:169
LH:169
end_of_record
